# JRE version: Java(TM) SE Runtime Environment (8.0_251-b08) (build 1.8.0_251-b08)
# Java VM: Java HotSpot(TM) 64-Bit Server VM (25.251-b08 mixed mode windows-amd64 compressed oops)
Heap:
 PSYoungGen      total 66048K, used 44029K [0x000000078b180000, 0x000000078fc80000, 0x00000007c0000000)
  eden space 56320K, 78% used [0x000000078b180000,0x000000078dc7f648,0x000000078e880000)
  from space 9728K, 0% used [0x000000078f300000,0x000000078f300000,0x000000078fc80000)
  to   space 10240K, 17% used [0x000000078e880000,0x000000078ea48000,0x000000078f280000)
 ParOldGen       total 73216K, used 13588K [0x0000000721400000, 0x0000000725b80000, 0x000000078b180000)
  object space 73216K, 18% used [0x0000000721400000,0x00000007221451b0,0x0000000725b80000)
 Metaspace       used 33626K, capacity 36156K, committed 36352K, reserved 1081344K
  class space    used 4498K, capacity 5012K, committed 5120K, reserved 1048576K
GC Heap History (10 events):
Event: 57.224 GC heap after
Heap after GC invocations=7 (full 1):
 PSYoungGen      total 67584K, used 5719K [0x000000078b180000, 0x000000078fd80000, 0x00000007c0000000)
  eden space 57344K, 0% used [0x000000078b180000,0x000000078b180000,0x000000078e980000)
  from space 10240K, 55% used [0x000000078f380000,0x000000078f915fa0,0x000000078fd80000)
  to   space 10240K, 0% used [0x000000078e980000,0x000000078e980000,0x000000078f380000)
 ParOldGen       total 73216K, used 9600K [0x0000000721400000, 0x0000000725b80000, 0x000000078b180000)
  object space 73216K, 13% used [0x0000000721400000,0x0000000721d60100,0x0000000725b80000)
 Metaspace       used 29424K, capacity 31658K, committed 31872K, reserved 1077248K
  class space    used 3981K, capacity 4384K, committed 4480K, reserved 1048576K
}
Event: 57.224 GC heap before
{Heap before GC invocations=8 (full 2):
 PSYoungGen      total 67584K, used 5719K [0x000000078b180000, 0x000000078fd80000, 0x00000007c0000000)
  eden space 57344K, 0% used [0x000000078b180000,0x000000078b180000,0x000000078e980000)
  from space 10240K, 55% used [0x000000078f380000,0x000000078f915fa0,0x000000078fd80000)
  to   space 10240K, 0% used [0x000000078e980000,0x000000078e980000,0x000000078f380000)
 ParOldGen       total 73216K, used 9600K [0x0000000721400000, 0x0000000725b80000, 0x000000078b180000)
  object space 73216K, 13% used [0x0000000721400000,0x0000000721d60100,0x0000000725b80000)
 Metaspace       used 29424K, capacity 31658K, committed 31872K, reserved 1077248K
  class space    used 3981K, capacity 4384K, committed 4480K, reserved 1048576K
Event: 57.303 GC heap after
Heap after GC invocations=8 (full 2):
 PSYoungGen      total 67584K, used 0K [0x000000078b180000, 0x000000078fd80000, 0x00000007c0000000)
  eden space 57344K, 0% used [0x000000078b180000,0x000000078b180000,0x000000078e980000)
  from space 10240K, 0% used [0x000000078f380000,0x000000078f380000,0x000000078fd80000)
  to   space 10240K, 0% used [0x000000078e980000,0x000000078e980000,0x000000078f380000)
 ParOldGen       total 73216K, used 10103K [0x0000000721400000, 0x0000000725b80000, 0x000000078b180000)
  object space 73216K, 13% used [0x0000000721400000,0x0000000721dddc88,0x0000000725b80000)
 Metaspace       used 29424K, capacity 31658K, committed 31872K, reserved 1077248K
  class space    used 3981K, capacity 4384K, committed 4480K, reserved 1048576K
}
Event: 219.629 GC heap before
{Heap before GC invocations=9 (full 2):
 PSYoungGen      total 67584K, used 57344K [0x000000078b180000, 0x000000078fd80000, 0x00000007c0000000)
  eden space 57344K, 100% used [0x000000078b180000,0x000000078e980000,0x000000078e980000)
  from space 10240K, 0% used [0x000000078f380000,0x000000078f380000,0x000000078fd80000)
  to   space 10240K, 0% used [0x000000078e980000,0x000000078e980000,0x000000078f380000)
 ParOldGen       total 73216K, used 10103K [0x0000000721400000, 0x0000000725b80000, 0x000000078b180000)
  object space 73216K, 13% used [0x0000000721400000,0x0000000721dddc88,0x0000000725b80000)
 Metaspace       used 31114K, capacity 33556K, committed 33664K, reserved 1079296K
  class space    used 4210K, capacity 4711K, committed 4736K, reserved 1048576K
Event: 219.634 GC heap after
Heap after GC invocations=9 (full 2):
 PSYoungGen      total 60416K, used 3960K [0x000000078b180000, 0x000000078fd80000, 0x00000007c0000000)
  eden space 56320K, 0% used [0x000000078b180000,0x000000078b180000,0x000000078e880000)
  from space 4096K, 96% used [0x000000078e980000,0x000000078ed5e290,0x000000078ed80000)
  to   space 10752K, 0% used [0x000000078f300000,0x000000078f300000,0x000000078fd80000)
 ParOldGen       total 73216K, used 10111K [0x0000000721400000, 0x0000000725b80000, 0x000000078b180000)
  object space 73216K, 13% used [0x0000000721400000,0x0000000721ddfc88,0x0000000725b80000)
 Metaspace       used 31114K, capacity 33556K, committed 33664K, reserved 1079296K
  class space    used 4210K, capacity 4711K, committed 4736K, reserved 1048576K
}
Event: 251.962 GC heap before
{Heap before GC invocations=10 (full 2):
 PSYoungGen      total 60416K, used 28263K [0x000000078b180000, 0x000000078fd80000, 0x00000007c0000000)
  eden space 56320K, 43% used [0x000000078b180000,0x000000078c93b9c0,0x000000078e880000)
  from space 4096K, 96% used [0x000000078e980000,0x000000078ed5e290,0x000000078ed80000)
  to   space 10752K, 0% used [0x000000078f300000,0x000000078f300000,0x000000078fd80000)
 ParOldGen       total 73216K, used 10111K [0x0000000721400000, 0x0000000725b80000, 0x000000078b180000)
  object space 73216K, 13% used [0x0000000721400000,0x0000000721ddfc88,0x0000000725b80000)
 Metaspace       used 33519K, capacity 35946K, committed 36224K, reserved 1081344K
  class space    used 4476K, capacity 4957K, committed 4992K, reserved 1048576K
Event: 251.980 GC heap after
Heap after GC invocations=10 (full 2):
 PSYoungGen      total 66048K, used 6033K [0x000000078b180000, 0x000000078fc80000, 0x00000007c0000000)
  eden space 56320K, 0% used [0x000000078b180000,0x000000078b180000,0x000000078e880000)
  from space 9728K, 62% used [0x000000078f300000,0x000000078f8e46c8,0x000000078fc80000)
  to   space 10240K, 0% used [0x000000078e880000,0x000000078e880000,0x000000078f280000)
 ParOldGen       total 73216K, used 10119K [0x0000000721400000, 0x0000000725b80000, 0x000000078b180000)
  object space 73216K, 13% used [0x0000000721400000,0x0000000721de1c88,0x0000000725b80000)
 Metaspace       used 33519K, capacity 35946K, committed 36224K, reserved 1081344K
  class space    used 4476K, capacity 4957K, committed 4992K, reserved 1048576K
}
Event: 251.980 GC heap before
{Heap before GC invocations=11 (full 3):
 PSYoungGen      total 66048K, used 6033K [0x000000078b180000, 0x000000078fc80000, 0x00000007c0000000)
  eden space 56320K, 0% used [0x000000078b180000,0x000000078b180000,0x000000078e880000)
  from space 9728K, 62% used [0x000000078f300000,0x000000078f8e46c8,0x000000078fc80000)
  to   space 10240K, 0% used [0x000000078e880000,0x000000078e880000,0x000000078f280000)
 ParOldGen       total 73216K, used 10119K [0x0000000721400000, 0x0000000725b80000, 0x000000078b180000)
  object space 73216K, 13% used [0x0000000721400000,0x0000000721de1c88,0x0000000725b80000)
 Metaspace       used 33519K, capacity 35946K, committed 36224K, reserved 1081344K
  class space    used 4476K, capacity 4957K, committed 4992K, reserved 1048576K
Event: 252.214 GC heap after
Heap after GC invocations=11 (full 3):
 PSYoungGen      total 66048K, used 0K [0x000000078b180000, 0x000000078fc80000, 0x00000007c0000000)
  eden space 56320K, 0% used [0x000000078b180000,0x000000078b180000,0x000000078e880000)
  from space 9728K, 0% used [0x000000078f300000,0x000000078f300000,0x000000078fc80000)
  to   space 10240K, 0% used [0x000000078e880000,0x000000078e880000,0x000000078f280000)
 ParOldGen       total 73216K, used 13580K [0x0000000721400000, 0x0000000725b80000, 0x000000078b180000)
  object space 73216K, 18% used [0x0000000721400000,0x00000007221431b0,0x0000000725b80000)
 Metaspace       used 33517K, capacity 35940K, committed 36224K, reserved 1081344K
  class space    used 4476K, capacity 4955K, committed 4992K, reserved 1048576K
}
Event: 272.090 GC heap before
{Heap before GC invocations=12 (full 3):
 PSYoungGen      total 66048K, used 44029K [0x000000078b180000, 0x000000078fc80000, 0x00000007c0000000)
  eden space 56320K, 78% used [0x000000078b180000,0x000000078dc7f648,0x000000078e880000)
  from space 9728K, 0% used [0x000000078f300000,0x000000078f300000,0x000000078fc80000)
  to   space 10240K, 0% used [0x000000078e880000,0x000000078e880000,0x000000078f280000)
 ParOldGen       total 73216K, used 13580K [0x0000000721400000, 0x0000000725b80000, 0x000000078b180000)
  object space 73216K, 18% used [0x0000000721400000,0x00000007221431b0,0x0000000725b80000)
 Metaspace       used 33626K, capacity 36156K, committed 36352K, reserved 1081344K
  class space    used 4498K, capacity 5012K, committed 5120K, reserved 1048576K

